2022/06/02 08:57:30 INFO  [] Closing org.springframework.boot.web.servlet.context.AnnotationConfigServletWebServerApplicationContext@1a480135: startup date [Wed Jun 01 17:35:05 CST 2022]; root of context hierarchy
2022/06/02 08:57:30 INFO  [] Stopping beans in phase 0
2022/06/02 08:57:30 INFO  [] Removing {logging-channel-adapter:_org.springframework.integration.errorLogger} as a subscriber to the 'errorChannel' channel
2022/06/02 08:57:30 INFO  [] Channel 'demo.errorChannel' has 0 subscriber(s).
2022/06/02 08:57:30 INFO  [] stopped _org.springframework.integration.errorLogger
2022/06/02 08:57:30 INFO  [] Shutting down ExecutorService 'taskScheduler'
2022/06/02 08:57:30 INFO  [] Unregistering JMX-exposed beans on shutdown
2022/06/02 08:57:30 INFO  [] Unregistering JMX-exposed beans
2022/06/02 08:57:30 WARN  [] Failed to unregister the JMX name: org.apache.commons.dbcp2:name=dw-dataSource,type=BasicDataSource
javax.management.InstanceNotFoundException: org.apache.commons.dbcp2:name=dw-dataSource,type=BasicDataSource
	at com.sun.jmx.interceptor.DefaultMBeanServerInterceptor.getMBean(DefaultMBeanServerInterceptor.java:1095) ~[?:1.8.0_333]
	at com.sun.jmx.interceptor.DefaultMBeanServerInterceptor.exclusiveUnregisterMBean(DefaultMBeanServerInterceptor.java:427) ~[?:1.8.0_333]
	at com.sun.jmx.interceptor.DefaultMBeanServerInterceptor.unregisterMBean(DefaultMBeanServerInterceptor.java:415) ~[?:1.8.0_333]
	at com.sun.jmx.mbeanserver.JmxMBeanServer.unregisterMBean(JmxMBeanServer.java:546) ~[?:1.8.0_333]
	at org.apache.commons.dbcp2.BasicDataSource.close(BasicDataSource.java:1941) [commons-dbcp2-2.2.0.jar:2.2.0]
	at sun.reflect.NativeMethodAccessorImpl.invoke0(Native Method) ~[?:1.8.0_333]
	at sun.reflect.NativeMethodAccessorImpl.invoke(NativeMethodAccessorImpl.java:62) ~[?:1.8.0_333]
	at sun.reflect.DelegatingMethodAccessorImpl.invoke(DelegatingMethodAccessorImpl.java:43) ~[?:1.8.0_333]
	at java.lang.reflect.Method.invoke(Method.java:498) ~[?:1.8.0_333]
	at org.springframework.beans.factory.support.DisposableBeanAdapter.invokeCustomDestroyMethod(DisposableBeanAdapter.java:337) [spring-beans-5.0.5.RELEASE.jar:5.0.5.RELEASE]
	at org.springframework.beans.factory.support.DisposableBeanAdapter.destroy(DisposableBeanAdapter.java:271) [spring-beans-5.0.5.RELEASE.jar:5.0.5.RELEASE]
	at org.springframework.beans.factory.support.DefaultSingletonBeanRegistry.destroyBean(DefaultSingletonBeanRegistry.java:577) [spring-beans-5.0.5.RELEASE.jar:5.0.5.RELEASE]
	at org.springframework.beans.factory.support.DefaultSingletonBeanRegistry.destroySingleton(DefaultSingletonBeanRegistry.java:549) [spring-beans-5.0.5.RELEASE.jar:5.0.5.RELEASE]
	at org.springframework.beans.factory.support.DefaultListableBeanFactory.destroySingleton(DefaultListableBeanFactory.java:957) [spring-beans-5.0.5.RELEASE.jar:5.0.5.RELEASE]
	at org.springframework.beans.factory.support.DefaultSingletonBeanRegistry.destroySingletons(DefaultSingletonBeanRegistry.java:510) [spring-beans-5.0.5.RELEASE.jar:5.0.5.RELEASE]
	at org.springframework.beans.factory.support.DefaultListableBeanFactory.destroySingletons(DefaultListableBeanFactory.java:964) [spring-beans-5.0.5.RELEASE.jar:5.0.5.RELEASE]
	at org.springframework.context.support.AbstractApplicationContext.destroyBeans(AbstractApplicationContext.java:1041) [spring-context-5.0.5.RELEASE.jar:5.0.5.RELEASE]
	at org.springframework.context.support.AbstractApplicationContext.doClose(AbstractApplicationContext.java:1017) [spring-context-5.0.5.RELEASE.jar:5.0.5.RELEASE]
	at org.springframework.context.support.AbstractApplicationContext$1.run(AbstractApplicationContext.java:937) [spring-context-5.0.5.RELEASE.jar:5.0.5.RELEASE]
